--- Job inputME.gms Start 05/20/21 23:00:47 32.2.0 rc62c018 WEX-WEI x86 64bit/MS Windows
--- Applying:
    C:\GAMS\32\gmsprmNT.txt
--- GAMS Parameters defined
    Input C:\Users\charl\OneDrive\Dokumente\6.Semester\Bachelor-Arbeit\bachelor-thesis\LR_code_for_CharlotteRitter\inputME.gms
    PageSize 0
    ScrDir C:\Users\charl\OneDrive\Dokumente\6.Semester\Bachelor-Arbeit\bachelor-thesis\LR_code_for_CharlotteRitter\225c\
    SysDir C:\GAMS\32\
    LogOption 3
    ErrMsg 1
    ErrorLog 99
    IDE 1
    LstTitleLeftAligned 1
GAMS 32.2.0   Copyright (C) 1987-2020 GAMS Development. All rights reserved
Licensee: Small MUD - 5 User License                     S200323/0001AN-GEN
          Friedrich-Alexander-Universitaet Erlangen-Nurnberg         DC7699
          C:\GAMS\32\gamslice.txt
--- Starting compilation
--- inputME.gms(14) 3 Mb
--- . solar_scenarios_600.csv(601) 3 Mb
--- inputME.gms(86) 3 Mb
--- . scenario_sorted_600_05.csv(601) 3 Mb
--- inputME.gms(116) 3 Mb
--- . battery_revenue.csv(25) 3 Mb
--- inputME.gms(185) 3 Mb
--- Starting execution: elapsed 0:00:00.154
--- inputME.gms(1410) 5 Mb
*** Status: Normal completion
--- Job inputME.gms Stop 05/20/21 23:00:47 elapsed 0:00:00.348
