--- Job inputME.gms Start 05/07/21 16:38:45 32.2.0 rc62c018 WEX-WEI x86 64bit/MS Windows
--- Applying:
    C:\GAMS\32\gmsprmNT.txt
--- GAMS Parameters defined
    Input C:\Users\charl\OneDrive\Dokumente\6.Semester\Bachelor-Arbeit\bachelor-thesis\SampleRun_Environment\tol05\Scenario_6\inputME.gms
    PageSize 0
    ScrDir C:\Users\charl\OneDrive\Dokumente\6.Semester\Bachelor-Arbeit\bachelor-thesis\SampleRun_Environment\tol05\Scenario_6\225b\
    SysDir C:\GAMS\32\
    LogOption 3
    ErrMsg 1
    ErrorLog 99
    IDE 1
    LstTitleLeftAligned 1
GAMS 32.2.0   Copyright (C) 1987-2020 GAMS Development. All rights reserved
Licensee: Small MUD - 5 User License                     S200323/0001AN-GEN
          Friedrich-Alexander-Universitaet Erlangen-Nurnberg         DC7699
          C:\GAMS\32\gamslice.txt
--- Starting compilation
--- inputME.gms(14) 3 Mb
--- . solar_scenarios_100_6.csv(101) 3 Mb
--- inputME.gms(61) 3 Mb
--- . scenario_sorted_100_6_05.csv(101) 3 Mb
--- inputME.gms(116) 3 Mb
--- . battery_revenue.csv(25) 3 Mb
--- inputME.gms(185) 3 Mb
--- Starting execution: elapsed 0:00:00.031
--- inputME.gms(410) 4 Mb
*** Status: Normal completion
--- Job inputME.gms Stop 05/07/21 16:38:45 elapsed 0:00:00.031
